<?xml version="1.0" encoding="UTF-8"?>
<!-- Generated by org.testng.reporters.JUnitReportReporter -->
<testsuite skipped="0" hostname="DESKTOP-CL9VTD9" name="com.testing.booking.SpaceXService" tests="3" failures="0" timestamp="24 Sep 2020 19:40:25 GMT" time="5.007" errors="0">
  <testcase name="getSuccessValidation" time="3.897" classname="com.testing.booking.SpaceXService"/>
  <testcase name="getResponseValidation" time="0.390" classname="com.testing.booking.SpaceXService"/>
  <testcase name="getIDValidation" time="0.720" classname="com.testing.booking.SpaceXService"/>
</testsuite> <!-- com.testing.booking.SpaceXService -->
