<?xml version="1.0" encoding="UTF-8"?>
<!-- Generated by org.testng.reporters.JUnitReportReporter -->
<testsuite skipped="0" hostname="DESKTOP-CL9VTD9" name="com.testing.booking.FlightBooking" tests="4" failures="0" timestamp="24 Sep 2020 19:40:25 GMT" time="11.694" errors="0">
  <testcase name="openWebsite" time="5.765" classname="com.testing.booking.FlightBooking"/>
  <testcase name="chooseCities" time="1.720" classname="com.testing.booking.FlightBooking"/>
  <testcase name="flightSelected" time="1.268" classname="com.testing.booking.FlightBooking"/>
  <testcase name="reservationForm" time="2.941" classname="com.testing.booking.FlightBooking"/>
</testsuite> <!-- com.testing.booking.FlightBooking -->
